<?xml version="1.0" encoding="UTF-8"?>
<testsuite xmlns:xsi="http://www.w3.org/2001/XMLSchema-instance" xsi:noNamespaceSchemaLocation="https://maven.apache.org/surefire/maven-surefire-plugin/xsd/surefire-test-report.xsd" name="com.example.restservice.ZitiConfigTest" time="0.121" tests="1" errors="0" skipped="0" failures="0">
  <properties>
    <property name="awt.toolkit" value="sun.awt.X11.XToolkit"/>
    <property name="java.specification.version" value="11"/>
    <property name="sun.cpu.isalist" value=""/>
    <property name="sun.jnu.encoding" value="UTF-8"/>
    <property name="java.class.path" value="/home/tburtchell/source/git/openziti-spring-boot/complete/target/test-classes:/home/tburtchell/source/git/openziti-spring-boot/complete/target/classes:/home/tburtchell/.m2/repository/org/springframework/boot/spring-boot-starter-web/2.5.2/spring-boot-starter-web-2.5.2.jar:/home/tburtchell/.m2/repository/org/springframework/boot/spring-boot-starter/2.5.2/spring-boot-starter-2.5.2.jar:/home/tburtchell/.m2/repository/org/springframework/boot/spring-boot-starter-logging/2.5.2/spring-boot-starter-logging-2.5.2.jar:/home/tburtchell/.m2/repository/ch/qos/logback/logback-classic/1.2.3/logback-classic-1.2.3.jar:/home/tburtchell/.m2/repository/ch/qos/logback/logback-core/1.2.3/logback-core-1.2.3.jar:/home/tburtchell/.m2/repository/org/apache/logging/log4j/log4j-to-slf4j/2.14.1/log4j-to-slf4j-2.14.1.jar:/home/tburtchell/.m2/repository/org/apache/logging/log4j/log4j-api/2.14.1/log4j-api-2.14.1.jar:/home/tburtchell/.m2/repository/org/slf4j/jul-to-slf4j/1.7.31/jul-to-slf4j-1.7.31.jar:/home/tburtchell/.m2/repository/jakarta/annotation/jakarta.annotation-api/1.3.5/jakarta.annotation-api-1.3.5.jar:/home/tburtchell/.m2/repository/org/yaml/snakeyaml/1.28/snakeyaml-1.28.jar:/home/tburtchell/.m2/repository/org/springframework/boot/spring-boot-starter-json/2.5.2/spring-boot-starter-json-2.5.2.jar:/home/tburtchell/.m2/repository/com/fasterxml/jackson/core/jackson-databind/2.12.3/jackson-databind-2.12.3.jar:/home/tburtchell/.m2/repository/com/fasterxml/jackson/core/jackson-annotations/2.12.3/jackson-annotations-2.12.3.jar:/home/tburtchell/.m2/repository/com/fasterxml/jackson/core/jackson-core/2.12.3/jackson-core-2.12.3.jar:/home/tburtchell/.m2/repository/com/fasterxml/jackson/datatype/jackson-datatype-jdk8/2.12.3/jackson-datatype-jdk8-2.12.3.jar:/home/tburtchell/.m2/repository/com/fasterxml/jackson/datatype/jackson-datatype-jsr310/2.12.3/jackson-datatype-jsr310-2.12.3.jar:/home/tburtchell/.m2/repository/com/fasterxml/jackson/module/jackson-module-parameter-names/2.12.3/jackson-module-parameter-names-2.12.3.jar:/home/tburtchell/.m2/repository/org/springframework/boot/spring-boot-starter-tomcat/2.5.2/spring-boot-starter-tomcat-2.5.2.jar:/home/tburtchell/.m2/repository/org/apache/tomcat/embed/tomcat-embed-core/9.0.48/tomcat-embed-core-9.0.48.jar:/home/tburtchell/.m2/repository/org/apache/tomcat/embed/tomcat-embed-el/9.0.48/tomcat-embed-el-9.0.48.jar:/home/tburtchell/.m2/repository/org/apache/tomcat/embed/tomcat-embed-websocket/9.0.48/tomcat-embed-websocket-9.0.48.jar:/home/tburtchell/.m2/repository/org/springframework/spring-web/5.3.8/spring-web-5.3.8.jar:/home/tburtchell/.m2/repository/org/springframework/spring-beans/5.3.8/spring-beans-5.3.8.jar:/home/tburtchell/.m2/repository/org/springframework/spring-webmvc/5.3.8/spring-webmvc-5.3.8.jar:/home/tburtchell/.m2/repository/org/springframework/spring-aop/5.3.8/spring-aop-5.3.8.jar:/home/tburtchell/.m2/repository/org/springframework/spring-context/5.3.8/spring-context-5.3.8.jar:/home/tburtchell/.m2/repository/org/springframework/spring-expression/5.3.8/spring-expression-5.3.8.jar:/home/tburtchell/.m2/repository/org/openziti/ziti-springboot/0.23.12/ziti-springboot-0.23.12.jar:/home/tburtchell/.m2/repository/org/jetbrains/kotlin/kotlin-stdlib/1.5.20/kotlin-stdlib-1.5.20.jar:/home/tburtchell/.m2/repository/org/jetbrains/annotations/13.0/annotations-13.0.jar:/home/tburtchell/.m2/repository/org/jetbrains/kotlin/kotlin-stdlib-common/1.5.20/kotlin-stdlib-common-1.5.20.jar:/home/tburtchell/.m2/repository/org/springframework/boot/spring-boot/2.5.2/spring-boot-2.5.2.jar:/home/tburtchell/.m2/repository/org/springframework/boot/spring-boot-autoconfigure/2.5.2/spring-boot-autoconfigure-2.5.2.jar:/home/tburtchell/.m2/repository/org/openziti/ziti/0.23.12/ziti-0.23.12.jar:/home/tburtchell/.m2/repository/org/jetbrains/kotlinx/kotlinx-coroutines-core-jvm/1.5.0/kotlinx-coroutines-core-jvm-1.5.0.jar:/home/tburtchell/.m2/repository/org/jetbrains/kotlin/kotlin-stdlib-jdk8/1.5.20/kotlin-stdlib-jdk8-1.5.20.jar:/home/tburtchell/.m2/repository/org/jetbrains/kotlin/kotlin-stdlib-jdk7/1.5.20/kotlin-stdlib-jdk7-1.5.20.jar:/home/tburtchell/.m2/repository/org/jetbrains/kotlinx/kotlinx-coroutines-jdk8/1.5.0/kotlinx-coroutines-jdk8-1.5.0.jar:/home/tburtchell/.m2/repository/org/slf4j/slf4j-api/1.7.31/slf4j-api-1.7.31.jar:/home/tburtchell/.m2/repository/com/github/marianobarrios/tls-channel/0.5.0/tls-channel-0.5.0.jar:/home/tburtchell/.m2/repository/com/squareup/retrofit2/retrofit/2.9.0/retrofit-2.9.0.jar:/home/tburtchell/.m2/repository/com/squareup/okhttp3/okhttp/3.14.9/okhttp-3.14.9.jar:/home/tburtchell/.m2/repository/com/squareup/okio/okio/1.17.2/okio-1.17.2.jar:/home/tburtchell/.m2/repository/com/squareup/retrofit2/converter-gson/2.9.0/converter-gson-2.9.0.jar:/home/tburtchell/.m2/repository/com/google/code/gson/gson/2.8.7/gson-2.8.7.jar:/home/tburtchell/.m2/repository/com/squareup/okhttp3/logging-interceptor/3.14.9/logging-interceptor-3.14.9.jar:/home/tburtchell/.m2/repository/com/jakewharton/retrofit/retrofit2-kotlin-coroutines-adapter/0.9.2/retrofit2-kotlin-coroutines-adapter-0.9.2.jar:/home/tburtchell/.m2/repository/org/jetbrains/kotlinx/kotlinx-coroutines-core/1.5.0/kotlinx-coroutines-core-1.5.0.jar:/home/tburtchell/.m2/repository/io/jsonwebtoken/jjwt-api/0.11.2/jjwt-api-0.11.2.jar:/home/tburtchell/.m2/repository/io/jsonwebtoken/jjwt-impl/0.11.2/jjwt-impl-0.11.2.jar:/home/tburtchell/.m2/repository/io/jsonwebtoken/jjwt-orgjson/0.11.2/jjwt-orgjson-0.11.2.jar:/home/tburtchell/.m2/repository/org/json/json/20180130/json-20180130.jar:/home/tburtchell/.m2/repository/io/dropwizard/metrics/metrics-core/4.1.24/metrics-core-4.1.24.jar:/home/tburtchell/.m2/repository/org/bouncycastle/bcpkix-jdk15to18/1.69/bcpkix-jdk15to18-1.69.jar:/home/tburtchell/.m2/repository/org/bouncycastle/bcprov-jdk15to18/1.69/bcprov-jdk15to18-1.69.jar:/home/tburtchell/.m2/repository/org/bouncycastle/bcutil-jdk15to18/1.69/bcutil-jdk15to18-1.69.jar:/home/tburtchell/.m2/repository/com/goterl/lazysodium-java/5.1.1/lazysodium-java-5.1.1.jar:/home/tburtchell/.m2/repository/net/java/dev/jna/jna/5.8.0/jna-5.8.0.jar:/home/tburtchell/.m2/repository/com/goterl/resource-loader/2.0.1/resource-loader-2.0.1.jar:/home/tburtchell/.m2/repository/org/springframework/boot/spring-boot-starter-test/2.5.2/spring-boot-starter-test-2.5.2.jar:/home/tburtchell/.m2/repository/org/springframework/boot/spring-boot-test/2.5.2/spring-boot-test-2.5.2.jar:/home/tburtchell/.m2/repository/org/springframework/boot/spring-boot-test-autoconfigure/2.5.2/spring-boot-test-autoconfigure-2.5.2.jar:/home/tburtchell/.m2/repository/com/jayway/jsonpath/json-path/2.5.0/json-path-2.5.0.jar:/home/tburtchell/.m2/repository/net/minidev/json-smart/2.4.7/json-smart-2.4.7.jar:/home/tburtchell/.m2/repository/net/minidev/accessors-smart/2.4.7/accessors-smart-2.4.7.jar:/home/tburtchell/.m2/repository/org/ow2/asm/asm/9.1/asm-9.1.jar:/home/tburtchell/.m2/repository/jakarta/xml/bind/jakarta.xml.bind-api/2.3.3/jakarta.xml.bind-api-2.3.3.jar:/home/tburtchell/.m2/repository/jakarta/activation/jakarta.activation-api/1.2.2/jakarta.activation-api-1.2.2.jar:/home/tburtchell/.m2/repository/org/assertj/assertj-core/3.19.0/assertj-core-3.19.0.jar:/home/tburtchell/.m2/repository/org/hamcrest/hamcrest/2.2/hamcrest-2.2.jar:/home/tburtchell/.m2/repository/org/junit/jupiter/junit-jupiter/5.7.2/junit-jupiter-5.7.2.jar:/home/tburtchell/.m2/repository/org/junit/jupiter/junit-jupiter-api/5.7.2/junit-jupiter-api-5.7.2.jar:/home/tburtchell/.m2/repository/org/apiguardian/apiguardian-api/1.1.0/apiguardian-api-1.1.0.jar:/home/tburtchell/.m2/repository/org/opentest4j/opentest4j/1.2.0/opentest4j-1.2.0.jar:/home/tburtchell/.m2/repository/org/junit/platform/junit-platform-commons/1.7.2/junit-platform-commons-1.7.2.jar:/home/tburtchell/.m2/repository/org/junit/jupiter/junit-jupiter-params/5.7.2/junit-jupiter-params-5.7.2.jar:/home/tburtchell/.m2/repository/org/junit/jupiter/junit-jupiter-engine/5.7.2/junit-jupiter-engine-5.7.2.jar:/home/tburtchell/.m2/repository/org/junit/platform/junit-platform-engine/1.7.2/junit-platform-engine-1.7.2.jar:/home/tburtchell/.m2/repository/org/mockito/mockito-core/3.9.0/mockito-core-3.9.0.jar:/home/tburtchell/.m2/repository/net/bytebuddy/byte-buddy/1.10.22/byte-buddy-1.10.22.jar:/home/tburtchell/.m2/repository/net/bytebuddy/byte-buddy-agent/1.10.22/byte-buddy-agent-1.10.22.jar:/home/tburtchell/.m2/repository/org/objenesis/objenesis/3.2/objenesis-3.2.jar:/home/tburtchell/.m2/repository/org/mockito/mockito-junit-jupiter/3.9.0/mockito-junit-jupiter-3.9.0.jar:/home/tburtchell/.m2/repository/org/skyscreamer/jsonassert/1.5.0/jsonassert-1.5.0.jar:/home/tburtchell/.m2/repository/com/vaadin/external/google/android-json/0.0.20131108.vaadin1/android-json-0.0.20131108.vaadin1.jar:/home/tburtchell/.m2/repository/org/springframework/spring-core/5.3.8/spring-core-5.3.8.jar:/home/tburtchell/.m2/repository/org/springframework/spring-jcl/5.3.8/spring-jcl-5.3.8.jar:/home/tburtchell/.m2/repository/org/springframework/spring-test/5.3.8/spring-test-5.3.8.jar:/home/tburtchell/.m2/repository/org/xmlunit/xmlunit-core/2.8.2/xmlunit-core-2.8.2.jar:"/>
    <property name="java.vm.vendor" value="Amazon.com Inc."/>
    <property name="sun.arch.data.model" value="64"/>
    <property name="java.vendor.url" value="https://aws.amazon.com/corretto/"/>
    <property name="user.timezone" value=""/>
    <property name="java.vm.specification.version" value="11"/>
    <property name="os.name" value="Linux"/>
    <property name="sun.java.launcher" value="SUN_STANDARD"/>
    <property name="sun.boot.library.path" value="/home/tburtchell/devtools/java/amazon-corretto-11.0.12.7.1-linux-x64/lib"/>
    <property name="sun.java.command" value="/home/tburtchell/source/git/openziti-spring-boot/complete/target/surefire/surefirebooter9394862851742194578.jar /home/tburtchell/source/git/openziti-spring-boot/complete/target/surefire 2022-02-03T09-16-59_551-jvmRun1 surefire13616131800233270463tmp surefire_011986808037238241545tmp"/>
    <property name="jdk.debug" value="release"/>
    <property name="surefire.test.class.path" value="/home/tburtchell/source/git/openziti-spring-boot/complete/target/test-classes:/home/tburtchell/source/git/openziti-spring-boot/complete/target/classes:/home/tburtchell/.m2/repository/org/springframework/boot/spring-boot-starter-web/2.5.2/spring-boot-starter-web-2.5.2.jar:/home/tburtchell/.m2/repository/org/springframework/boot/spring-boot-starter/2.5.2/spring-boot-starter-2.5.2.jar:/home/tburtchell/.m2/repository/org/springframework/boot/spring-boot-starter-logging/2.5.2/spring-boot-starter-logging-2.5.2.jar:/home/tburtchell/.m2/repository/ch/qos/logback/logback-classic/1.2.3/logback-classic-1.2.3.jar:/home/tburtchell/.m2/repository/ch/qos/logback/logback-core/1.2.3/logback-core-1.2.3.jar:/home/tburtchell/.m2/repository/org/apache/logging/log4j/log4j-to-slf4j/2.14.1/log4j-to-slf4j-2.14.1.jar:/home/tburtchell/.m2/repository/org/apache/logging/log4j/log4j-api/2.14.1/log4j-api-2.14.1.jar:/home/tburtchell/.m2/repository/org/slf4j/jul-to-slf4j/1.7.31/jul-to-slf4j-1.7.31.jar:/home/tburtchell/.m2/repository/jakarta/annotation/jakarta.annotation-api/1.3.5/jakarta.annotation-api-1.3.5.jar:/home/tburtchell/.m2/repository/org/yaml/snakeyaml/1.28/snakeyaml-1.28.jar:/home/tburtchell/.m2/repository/org/springframework/boot/spring-boot-starter-json/2.5.2/spring-boot-starter-json-2.5.2.jar:/home/tburtchell/.m2/repository/com/fasterxml/jackson/core/jackson-databind/2.12.3/jackson-databind-2.12.3.jar:/home/tburtchell/.m2/repository/com/fasterxml/jackson/core/jackson-annotations/2.12.3/jackson-annotations-2.12.3.jar:/home/tburtchell/.m2/repository/com/fasterxml/jackson/core/jackson-core/2.12.3/jackson-core-2.12.3.jar:/home/tburtchell/.m2/repository/com/fasterxml/jackson/datatype/jackson-datatype-jdk8/2.12.3/jackson-datatype-jdk8-2.12.3.jar:/home/tburtchell/.m2/repository/com/fasterxml/jackson/datatype/jackson-datatype-jsr310/2.12.3/jackson-datatype-jsr310-2.12.3.jar:/home/tburtchell/.m2/repository/com/fasterxml/jackson/module/jackson-module-parameter-names/2.12.3/jackson-module-parameter-names-2.12.3.jar:/home/tburtchell/.m2/repository/org/springframework/boot/spring-boot-starter-tomcat/2.5.2/spring-boot-starter-tomcat-2.5.2.jar:/home/tburtchell/.m2/repository/org/apache/tomcat/embed/tomcat-embed-core/9.0.48/tomcat-embed-core-9.0.48.jar:/home/tburtchell/.m2/repository/org/apache/tomcat/embed/tomcat-embed-el/9.0.48/tomcat-embed-el-9.0.48.jar:/home/tburtchell/.m2/repository/org/apache/tomcat/embed/tomcat-embed-websocket/9.0.48/tomcat-embed-websocket-9.0.48.jar:/home/tburtchell/.m2/repository/org/springframework/spring-web/5.3.8/spring-web-5.3.8.jar:/home/tburtchell/.m2/repository/org/springframework/spring-beans/5.3.8/spring-beans-5.3.8.jar:/home/tburtchell/.m2/repository/org/springframework/spring-webmvc/5.3.8/spring-webmvc-5.3.8.jar:/home/tburtchell/.m2/repository/org/springframework/spring-aop/5.3.8/spring-aop-5.3.8.jar:/home/tburtchell/.m2/repository/org/springframework/spring-context/5.3.8/spring-context-5.3.8.jar:/home/tburtchell/.m2/repository/org/springframework/spring-expression/5.3.8/spring-expression-5.3.8.jar:/home/tburtchell/.m2/repository/org/openziti/ziti-springboot/0.23.12/ziti-springboot-0.23.12.jar:/home/tburtchell/.m2/repository/org/jetbrains/kotlin/kotlin-stdlib/1.5.20/kotlin-stdlib-1.5.20.jar:/home/tburtchell/.m2/repository/org/jetbrains/annotations/13.0/annotations-13.0.jar:/home/tburtchell/.m2/repository/org/jetbrains/kotlin/kotlin-stdlib-common/1.5.20/kotlin-stdlib-common-1.5.20.jar:/home/tburtchell/.m2/repository/org/springframework/boot/spring-boot/2.5.2/spring-boot-2.5.2.jar:/home/tburtchell/.m2/repository/org/springframework/boot/spring-boot-autoconfigure/2.5.2/spring-boot-autoconfigure-2.5.2.jar:/home/tburtchell/.m2/repository/org/openziti/ziti/0.23.12/ziti-0.23.12.jar:/home/tburtchell/.m2/repository/org/jetbrains/kotlinx/kotlinx-coroutines-core-jvm/1.5.0/kotlinx-coroutines-core-jvm-1.5.0.jar:/home/tburtchell/.m2/repository/org/jetbrains/kotlin/kotlin-stdlib-jdk8/1.5.20/kotlin-stdlib-jdk8-1.5.20.jar:/home/tburtchell/.m2/repository/org/jetbrains/kotlin/kotlin-stdlib-jdk7/1.5.20/kotlin-stdlib-jdk7-1.5.20.jar:/home/tburtchell/.m2/repository/org/jetbrains/kotlinx/kotlinx-coroutines-jdk8/1.5.0/kotlinx-coroutines-jdk8-1.5.0.jar:/home/tburtchell/.m2/repository/org/slf4j/slf4j-api/1.7.31/slf4j-api-1.7.31.jar:/home/tburtchell/.m2/repository/com/github/marianobarrios/tls-channel/0.5.0/tls-channel-0.5.0.jar:/home/tburtchell/.m2/repository/com/squareup/retrofit2/retrofit/2.9.0/retrofit-2.9.0.jar:/home/tburtchell/.m2/repository/com/squareup/okhttp3/okhttp/3.14.9/okhttp-3.14.9.jar:/home/tburtchell/.m2/repository/com/squareup/okio/okio/1.17.2/okio-1.17.2.jar:/home/tburtchell/.m2/repository/com/squareup/retrofit2/converter-gson/2.9.0/converter-gson-2.9.0.jar:/home/tburtchell/.m2/repository/com/google/code/gson/gson/2.8.7/gson-2.8.7.jar:/home/tburtchell/.m2/repository/com/squareup/okhttp3/logging-interceptor/3.14.9/logging-interceptor-3.14.9.jar:/home/tburtchell/.m2/repository/com/jakewharton/retrofit/retrofit2-kotlin-coroutines-adapter/0.9.2/retrofit2-kotlin-coroutines-adapter-0.9.2.jar:/home/tburtchell/.m2/repository/org/jetbrains/kotlinx/kotlinx-coroutines-core/1.5.0/kotlinx-coroutines-core-1.5.0.jar:/home/tburtchell/.m2/repository/io/jsonwebtoken/jjwt-api/0.11.2/jjwt-api-0.11.2.jar:/home/tburtchell/.m2/repository/io/jsonwebtoken/jjwt-impl/0.11.2/jjwt-impl-0.11.2.jar:/home/tburtchell/.m2/repository/io/jsonwebtoken/jjwt-orgjson/0.11.2/jjwt-orgjson-0.11.2.jar:/home/tburtchell/.m2/repository/org/json/json/20180130/json-20180130.jar:/home/tburtchell/.m2/repository/io/dropwizard/metrics/metrics-core/4.1.24/metrics-core-4.1.24.jar:/home/tburtchell/.m2/repository/org/bouncycastle/bcpkix-jdk15to18/1.69/bcpkix-jdk15to18-1.69.jar:/home/tburtchell/.m2/repository/org/bouncycastle/bcprov-jdk15to18/1.69/bcprov-jdk15to18-1.69.jar:/home/tburtchell/.m2/repository/org/bouncycastle/bcutil-jdk15to18/1.69/bcutil-jdk15to18-1.69.jar:/home/tburtchell/.m2/repository/com/goterl/lazysodium-java/5.1.1/lazysodium-java-5.1.1.jar:/home/tburtchell/.m2/repository/net/java/dev/jna/jna/5.8.0/jna-5.8.0.jar:/home/tburtchell/.m2/repository/com/goterl/resource-loader/2.0.1/resource-loader-2.0.1.jar:/home/tburtchell/.m2/repository/org/springframework/boot/spring-boot-starter-test/2.5.2/spring-boot-starter-test-2.5.2.jar:/home/tburtchell/.m2/repository/org/springframework/boot/spring-boot-test/2.5.2/spring-boot-test-2.5.2.jar:/home/tburtchell/.m2/repository/org/springframework/boot/spring-boot-test-autoconfigure/2.5.2/spring-boot-test-autoconfigure-2.5.2.jar:/home/tburtchell/.m2/repository/com/jayway/jsonpath/json-path/2.5.0/json-path-2.5.0.jar:/home/tburtchell/.m2/repository/net/minidev/json-smart/2.4.7/json-smart-2.4.7.jar:/home/tburtchell/.m2/repository/net/minidev/accessors-smart/2.4.7/accessors-smart-2.4.7.jar:/home/tburtchell/.m2/repository/org/ow2/asm/asm/9.1/asm-9.1.jar:/home/tburtchell/.m2/repository/jakarta/xml/bind/jakarta.xml.bind-api/2.3.3/jakarta.xml.bind-api-2.3.3.jar:/home/tburtchell/.m2/repository/jakarta/activation/jakarta.activation-api/1.2.2/jakarta.activation-api-1.2.2.jar:/home/tburtchell/.m2/repository/org/assertj/assertj-core/3.19.0/assertj-core-3.19.0.jar:/home/tburtchell/.m2/repository/org/hamcrest/hamcrest/2.2/hamcrest-2.2.jar:/home/tburtchell/.m2/repository/org/junit/jupiter/junit-jupiter/5.7.2/junit-jupiter-5.7.2.jar:/home/tburtchell/.m2/repository/org/junit/jupiter/junit-jupiter-api/5.7.2/junit-jupiter-api-5.7.2.jar:/home/tburtchell/.m2/repository/org/apiguardian/apiguardian-api/1.1.0/apiguardian-api-1.1.0.jar:/home/tburtchell/.m2/repository/org/opentest4j/opentest4j/1.2.0/opentest4j-1.2.0.jar:/home/tburtchell/.m2/repository/org/junit/platform/junit-platform-commons/1.7.2/junit-platform-commons-1.7.2.jar:/home/tburtchell/.m2/repository/org/junit/jupiter/junit-jupiter-params/5.7.2/junit-jupiter-params-5.7.2.jar:/home/tburtchell/.m2/repository/org/junit/jupiter/junit-jupiter-engine/5.7.2/junit-jupiter-engine-5.7.2.jar:/home/tburtchell/.m2/repository/org/junit/platform/junit-platform-engine/1.7.2/junit-platform-engine-1.7.2.jar:/home/tburtchell/.m2/repository/org/mockito/mockito-core/3.9.0/mockito-core-3.9.0.jar:/home/tburtchell/.m2/repository/net/bytebuddy/byte-buddy/1.10.22/byte-buddy-1.10.22.jar:/home/tburtchell/.m2/repository/net/bytebuddy/byte-buddy-agent/1.10.22/byte-buddy-agent-1.10.22.jar:/home/tburtchell/.m2/repository/org/objenesis/objenesis/3.2/objenesis-3.2.jar:/home/tburtchell/.m2/repository/org/mockito/mockito-junit-jupiter/3.9.0/mockito-junit-jupiter-3.9.0.jar:/home/tburtchell/.m2/repository/org/skyscreamer/jsonassert/1.5.0/jsonassert-1.5.0.jar:/home/tburtchell/.m2/repository/com/vaadin/external/google/android-json/0.0.20131108.vaadin1/android-json-0.0.20131108.vaadin1.jar:/home/tburtchell/.m2/repository/org/springframework/spring-core/5.3.8/spring-core-5.3.8.jar:/home/tburtchell/.m2/repository/org/springframework/spring-jcl/5.3.8/spring-jcl-5.3.8.jar:/home/tburtchell/.m2/repository/org/springframework/spring-test/5.3.8/spring-test-5.3.8.jar:/home/tburtchell/.m2/repository/org/xmlunit/xmlunit-core/2.8.2/xmlunit-core-2.8.2.jar:"/>
    <property name="sun.cpu.endian" value="little"/>
    <property name="user.home" value="/home/tburtchell"/>
    <property name="user.language" value="en"/>
    <property name="java.specification.vendor" value="Oracle Corporation"/>
    <property name="java.version.date" value="2021-07-20"/>
    <property name="java.home" value="/home/tburtchell/devtools/java/amazon-corretto-11.0.12.7.1-linux-x64"/>
    <property name="file.separator" value="/"/>
    <property name="basedir" value="/home/tburtchell/source/git/openziti-spring-boot/complete"/>
    <property name="java.vm.compressedOopsMode" value="Zero based"/>
    <property name="line.separator" value="&#10;"/>
    <property name="java.specification.name" value="Java Platform API Specification"/>
    <property name="java.vm.specification.vendor" value="Oracle Corporation"/>
    <property name="java.awt.graphicsenv" value="sun.awt.X11GraphicsEnvironment"/>
    <property name="surefire.real.class.path" value="/home/tburtchell/source/git/openziti-spring-boot/complete/target/surefire/surefirebooter9394862851742194578.jar"/>
    <property name="sun.management.compiler" value="HotSpot 64-Bit Tiered Compilers"/>
    <property name="java.runtime.version" value="11.0.12+7-LTS"/>
    <property name="user.name" value="tburtchell"/>
    <property name="path.separator" value=":"/>
    <property name="os.version" value="5.10.60.1-microsoft-standard-WSL2"/>
    <property name="java.runtime.name" value="OpenJDK Runtime Environment"/>
    <property name="file.encoding" value="UTF-8"/>
    <property name="java.vm.name" value="OpenJDK 64-Bit Server VM"/>
    <property name="java.vendor.version" value="Corretto-11.0.12.7.1"/>
    <property name="localRepository" value="/home/tburtchell/.m2/repository"/>
    <property name="java.vendor.url.bug" value="https://github.com/corretto/corretto-11/issues/"/>
    <property name="java.io.tmpdir" value="/tmp"/>
    <property name="java.version" value="11.0.12"/>
    <property name="user.dir" value="/home/tburtchell/source/git/openziti-spring-boot/complete"/>
    <property name="os.arch" value="amd64"/>
    <property name="java.vm.specification.name" value="Java Virtual Machine Specification"/>
    <property name="java.awt.printerjob" value="sun.print.PSPrinterJob"/>
    <property name="sun.os.patch.level" value="unknown"/>
    <property name="java.library.path" value="/usr/java/packages/lib:/usr/lib64:/lib64:/lib:/usr/lib"/>
    <property name="java.vm.info" value="mixed mode"/>
    <property name="java.vendor" value="Amazon.com Inc."/>
    <property name="java.vm.version" value="11.0.12+7-LTS"/>
    <property name="sun.io.unicode.encoding" value="UnicodeLittle"/>
    <property name="java.class.version" value="55.0"/>
  </properties>
  <testcase name="testZitiNetwork" classname="com.example.restservice.ZitiConfigTest" time="0.071"/>
</testsuite>